Build started 6/17/2014 11:40:11 AM.
     1>Project "F:\Algorithm\NQueen\NQueen\NQueen.vcxproj" on node 2 (build target(s)).
     1>InitializeBuildStatus:
         Touching "Debug\NQueen.unsuccessfulbuild".
       ClCompile:
         C:\Program Files\Microsoft Visual Studio 10.0\VC\bin\CL.exe /c /ZI /nologo /W3 /WX- /Od /Oy- /D _MBCS /Gm /EHsc /RTC1 /MDd /GS /fp:precise /Zc:wchar_t /Zc:forScope /Fo"Debug\\" /Fd"Debug\vc100.pdb" /Gd /TP /analyze- /errorReport:prompt NQueen.cpp
         NQueen.cpp
     1>f:\algorithm\nqueen\nqueen\nqueen.cpp(152): warning C4996: 'scanf': This function or variable may be unsafe. Consider using scanf_s instead. To disable deprecation, use _CRT_SECURE_NO_WARNINGS. See online help for details.
                 c:\program files\microsoft visual studio 10.0\vc\include\stdio.h(304) : see declaration of 'scanf'
     1>f:\algorithm\nqueen\nqueen\nqueen.cpp(154): warning C4996: 'scanf': This function or variable may be unsafe. Consider using scanf_s instead. To disable deprecation, use _CRT_SECURE_NO_WARNINGS. See online help for details.
                 c:\program files\microsoft visual studio 10.0\vc\include\stdio.h(304) : see declaration of 'scanf'
       Link:
         C:\Program Files\Microsoft Visual Studio 10.0\VC\bin\link.exe /ERRORREPORT:PROMPT /OUT:"F:\Algorithm\NQueen\Debug\NQueen.exe" /NOLOGO ffllapi.lib fann.lib opencv_core230d.lib opencv_highgui230d.lib opencv_calib3d230d.lib opencv_features2d230d.lib opencv_imgproc230d.lib opencv_objdetect230d.lib fltkd.lib ffllapi.lib fann.lib opencv_core230d.lib opencv_highgui230d.lib opencv_calib3d230d.lib opencv_features2d230d.lib opencv_imgproc230d.lib opencv_objdetect230d.lib fltkd.lib kernel32.lib user32.lib gdi32.lib winspool.lib comdlg32.lib advapi32.lib shell32.lib ole32.lib oleaut32.lib uuid.lib odbc32.lib odbccp32.lib /MANIFEST /ManifestFile:"Debug\NQueen.exe.intermediate.manifest" /MANIFESTUAC:"level='asInvoker' uiAccess='false'" /DEBUG /PDB:"F:\Algorithm\NQueen\Debug\NQueen.pdb" /TLBID:1 /DYNAMICBASE /NXCOMPAT /IMPLIB:"F:\Algorithm\NQueen\Debug\NQueen.lib" /MACHINE:X86 Debug\NQueen.obj
         NQueen.vcxproj -> F:\Algorithm\NQueen\Debug\NQueen.exe
       Manifest:
         C:\Program Files\Microsoft SDKs\Windows\v7.0A\bin\mt.exe /nologo /verbose /outputresource:"F:\Algorithm\NQueen\Debug\NQueen.exe;#1" /manifest Debug\NQueen.exe.intermediate.manifest
       FinalizeBuildStatus:
         Deleting file "Debug\NQueen.unsuccessfulbuild".
         Touching "Debug\NQueen.lastbuildstate".
     1>Done Building Project "F:\Algorithm\NQueen\NQueen\NQueen.vcxproj" (build target(s)).

Build succeeded.

Time Elapsed 00:00:26.54
